<?xml version="1.0" encoding="UTF-8"?>
<testsuite name="DrivableMapTest" tests="3" skipped="0" failures="0" errors="0" timestamp="2022-09-27T19:41:30" hostname="MSI" time="0.005">
  <properties/>
  <testcase name="testGetTradable" classname="DrivableMapTest" time="0.005"/>
  <testcase name="testHasFasterThan" classname="DrivableMapTest" time="0.0"/>
  <testcase name="testAddDrivable" classname="DrivableMapTest" time="0.0"/>
  <system-out><![CDATA[]]></system-out>
  <system-err><![CDATA[]]></system-err>
</testsuite>
