<?xml version="1.0" encoding="UTF-8"?>
<testsuite name="TraderTest" tests="3" skipped="0" failures="0" errors="0" timestamp="2022-09-27T19:41:30" hostname="MSI" time="0.001">
  <properties/>
  <testcase name="TestEmptyConstructor" classname="TraderTest" time="0.0"/>
  <testcase name="TestAddToWishlist" classname="TraderTest" time="0.001"/>
  <testcase name="TestGetSellingPrice" classname="TraderTest" time="0.0"/>
  <system-out><![CDATA[]]></system-out>
  <system-err><![CDATA[]]></system-err>
</testsuite>
